2023-05-11 17:08:58,809 - INFO - Program started
2023-05-11 17:09:01,492 - INFO - Selected ticker: SHIB-USD
2023-05-11 17:09:01,493 - INFO - Selected ticker image URL: selected_ticker_image.png
2023-05-11 17:09:01,494 - INFO - Collecting crypto data from online resources...
2023-05-11 17:09:01,495 - INFO - Retrieving historical data for SHIB-USD
2023-05-11 17:09:01,495 - INFO - Retrieved data for {config.selected_ticker}
2023-05-11 17:09:01,697 - INFO - Retrieved historical data for {config.selected_ticker}
2023-05-11 17:09:01,700 - INFO - Filtered data for {config.selected_ticker}
2023-05-11 17:09:01,725 - INFO - Performing data analysis
2023-05-11 17:09:01,732 - INFO - Collecting news articles from online resources...
2023-05-11 17:09:02,595 - INFO - Performing sentiment analysis
2023-05-11 17:09:02,761 - INFO - News sentiment score for SHIB-USD is 0.0
2023-05-11 17:09:04,370 - INFO - Splitting the crypto data into features (X) and target (y)
2023-05-11 17:09:04,375 - INFO - Scaling the data using the training data
2023-05-11 17:09:22,214 - ERROR - An error occurred: non-broadcastable output operand with shape (150,1) doesn't match the broadcast shape (150,4)
Traceback (most recent call last):
  File "c:\Users\User\Documents\GitHub\CryptoSnake\CryptoSnake\main.py", line 145, in main
    predictions_unscaled = scaler.unscale_data(predictions_scaled.reshape(-1, 1))
  File "c:\Users\User\Documents\GitHub\CryptoSnake\CryptoSnake\machine_learning\prep\ml_scaler.py", line 25, in unscale_data
    predictions_unscaled = self.scaler.inverse_transform(predictions_scaled)
  File "c:\Users\User\Documents\GitHub\CryptoSnake\CryptoSnake\.venv\lib\site-packages\sklearn\preprocessing\_data.py", line 1052, in inverse_transform
    X *= self.scale_
ValueError: non-broadcastable output operand with shape (150,1) doesn't match the broadcast shape (150,4)
2023-05-11 17:11:19,375 - INFO - Program started
2023-05-11 17:11:28,020 - INFO - Selected ticker: SHIB-USD
2023-05-11 17:11:28,020 - INFO - Selected ticker image URL: selected_ticker_image.png
2023-05-11 17:11:28,021 - INFO - Collecting crypto data from online resources...
2023-05-11 17:11:28,022 - INFO - Retrieving historical data for SHIB-USD
2023-05-11 17:11:28,023 - INFO - Retrieved data for {config.selected_ticker}
2023-05-11 17:11:28,234 - INFO - Retrieved historical data for {config.selected_ticker}
2023-05-11 17:11:28,236 - INFO - Filtered data for {config.selected_ticker}
2023-05-11 17:11:28,262 - INFO - Performing data analysis
2023-05-11 17:11:28,270 - INFO - Collecting news articles from online resources...
2023-05-11 17:11:29,008 - INFO - Performing sentiment analysis
2023-05-11 17:11:29,195 - INFO - News sentiment score for SHIB-USD is 0.15
2023-05-11 17:11:30,870 - INFO - Splitting the crypto data into features (X) and target (y)
2023-05-11 17:11:30,874 - INFO - Scaling the data using the training data
2023-05-11 17:15:04,210 - ERROR - An error occurred: non-broadcastable output operand with shape (150,1) doesn't match the broadcast shape (150,4)
Traceback (most recent call last):
  File "C:\Users\User\Documents\GitHub\CryptoSnake\CryptoSnake\main.py", line 145, in main
    predictions_unscaled = scaler.unscale_data(predictions_scaled.reshape(-1, 1))
  File "C:\Users\User\Documents\GitHub\CryptoSnake\CryptoSnake\machine_learning\prep\ml_scaler.py", line 25, in unscale_data
    predictions_unscaled = self.scaler.inverse_transform(predictions_scaled)
  File "c:\Users\User\Documents\GitHub\CryptoSnake\CryptoSnake\.venv\lib\site-packages\sklearn\preprocessing\_data.py", line 1052, in inverse_transform
    X *= self.scale_
ValueError: non-broadcastable output operand with shape (150,1) doesn't match the broadcast shape (150,4)
